Server listening on http://localhost:3000
[api/roman] incoming from ::1 message="salur"
[api/roman] MOCK reply generated (no quota consumed)
[api/roman] incoming from ::1 message="qu'est ce que tu dis ?"
[api/roman] MOCK reply generated (no quota consumed)
[api/roman] incoming from ::1 message="ça dit quoi ?"
[api/roman] MOCK reply generated (no quota consumed)
[api/roman] incoming from ::1 message="yyo"
[api/roman] MOCK reply generated (no quota consumed)
[api/roman] incoming from ::1 message="mama"
[api/roman] MOCK reply generated (no quota consumed)
[api/roman] incoming from ::1 message="encore"
[api/roman] MOCK reply generated (no quota consumed)
[api/roman] incoming from ::1 message="yo"
[api/roman] MOCK reply generated (no quota consumed)
[api/roman] incoming from ::1 message="ça dit quoi"
[api/roman] MOCK reply generated (no quota consumed)
[api/roman] incoming from ::1 message="bonjour"
[api/roman] MOCK reply generated (no quota consumed)
[api/roman] incoming from ::1 message="cccc"
[api/roman] MOCK reply generated (no quota consumed)
[api/roman] incoming from ::1 message="ff"
[api/roman] MOCK reply generated (no quota consumed)
[api/roman] incoming from ::1 message="dd"
[api/roman] MOCK reply generated (no quota consumed)
[api/roman] incoming from ::1 message="hello"
[api/roman] MOCK reply generated (no quota consumed)
[api/roman] incoming from ::1 message="fff"
[api/roman] MOCK reply generated (no quota consumed)
[api/roman] incoming from ::1 message="fffffff"
[api/roman] MOCK reply generated (no quota consumed)
[api/roman] incoming from ::1 message="ccccccc"
[api/roman] MOCK reply generated (no quota consumed)
[api/roman] incoming from ::1 message="ggggggggg"
[api/roman] MOCK reply generated (no quota consumed)
[api/roman] incoming from ::1 message="ggggggggggggg"
[api/roman] MOCK reply generated (no quota consumed)
[api/roman] incoming from ::1 message="coucou"
[api/roman] MOCK reply generated (no quota consumed)
[api/roman] incoming from ::1 message="j"
[api/roman] MOCK reply generated (no quota consumed)
[api/roman] incoming from ::1 message="salut"
[api/roman] MOCK reply generated (no quota consumed)
[api/roman] incoming from ::1 message="ddddd"
[api/roman] MOCK reply generated (no quota consumed)
[api/roman] incoming from ::1 message="dddddd"
[api/roman] MOCK reply generated (no quota consumed)
[api/roman] incoming from ::1 message="ddd"
[api/roman] MOCK reply generated (no quota consumed)
[api/roman] incoming from ::1 message="ffffffff"
[api/roman] MOCK reply generated (no quota consumed)
